`trust_remote_code` is not supported anymore.
Please check that the Hugging Face dataset 'Salesforce/wikitext' isn't based on a loading script and remove `trust_remote_code`.
If the dataset is based on a loading script, please ask the dataset author to remove it and convert it to a standard format like Parquet.
baselines: additive 61.8 | softmax-attn 58.6 | frozen-attn 56.8 (prior sessions)
this run 2026-07-06 pass1: add 62.1 | gate(diag self) 60.4 | attn 57.4
this run 2026-07-06 pass2: cmpgate 60.2 | matmul 60.5 (non-commutative alone doesn't close gap)
this run 2026-07-06 pass3: divnorm(n=1) 59.7, divnorm(n=2) 59.4 best, divnorm(n=4) 59.8
pass5: recurrent lateral inhibition (Grossberg shunting, settles over iters, not 1-shot div)
prior interrupted run: lateral n=1 beta=0.3 = 61.8 (worse than divnorm 59.4)
pass6: lateral + n=2 expansive drive (combine divnorm's winning ingredient with settling)
lateral  n=1 beta=0.7 it=5 ep 1 ppl=69.5
lateral  n=1 beta=0.7 it=5 ep 2 ppl=65.2
lateral  n=1 beta=0.7 it=5 ep 3 ppl=63.8
lateral  n=1 beta=0.7 it=5 ep 4 ppl=63.3
lateral  n=1 beta=0.7 it=5 ep 5 ppl=63.0
lateral  n=1 beta=0.7 it=5 ep 6 ppl=63.0
lateral  n=1 beta=0.7 it=5 ep 7 ppl=62.9
lateral  n=1 beta=0.7 it=5 ep 8 ppl=62.8
lateral  n=1 beta=0.7 it=5 ep 9 ppl=62.7
lateral  n=1 beta=0.7 it=5 ep10 ppl=62.7
lateral  n=1 beta=0.7 it=5 ep11 ppl=62.8
lateral  n=1 beta=0.7 it=5 ep12 ppl=62.9
  -> lateral n=1 beta=0.7 it=5 params=0.40M BEST=62.7
lateral  n=2 beta=0.3 it=5 ep 1 ppl=70.6
lateral  n=2 beta=0.3 it=5 ep 2 ppl=64.9
lateral  n=2 beta=0.3 it=5 ep 3 ppl=62.9
lateral  n=2 beta=0.3 it=5 ep 4 ppl=61.7
lateral  n=2 beta=0.3 it=5 ep 5 ppl=62.1
lateral  n=2 beta=0.3 it=5 ep 6 ppl=61.4
lateral  n=2 beta=0.3 it=5 ep 7 ppl=61.2
lateral  n=2 beta=0.3 it=5 ep 8 ppl=61.5
lateral  n=2 beta=0.3 it=5 ep 9 ppl=61.4
lateral  n=2 beta=0.3 it=5 ep10 ppl=61.4
lateral  n=2 beta=0.3 it=5 ep11 ppl=61.4
lateral  n=2 beta=0.3 it=5 ep12 ppl=61.5
  -> lateral n=2 beta=0.3 it=5 params=0.40M BEST=61.2
lateral  n=2 beta=0.7 it=5 ep 1 ppl=70.7
lateral  n=2 beta=0.7 it=5 ep 2 ppl=64.3
lateral  n=2 beta=0.7 it=5 ep 3 ppl=63.9
lateral  n=2 beta=0.7 it=5 ep 4 ppl=63.3
lateral  n=2 beta=0.7 it=5 ep 5 ppl=63.0
lateral  n=2 beta=0.7 it=5 ep 6 ppl=63.2
lateral  n=2 beta=0.7 it=5 ep 7 ppl=62.7
lateral  n=2 beta=0.7 it=5 ep 8 ppl=62.8
lateral  n=2 beta=0.7 it=5 ep 9 ppl=62.7
lateral  n=2 beta=0.7 it=5 ep10 ppl=62.9
lateral  n=2 beta=0.7 it=5 ep11 ppl=62.7
lateral  n=2 beta=0.7 it=5 ep12 ppl=62.8
  -> lateral n=2 beta=0.7 it=5 params=0.40M BEST=62.7
=== SUMMARY ===
lateral_n1_b0.7 BEST=62.7
lateral_n2_b0.3 BEST=61.2
lateral_n2_b0.7 BEST=62.7
