`trust_remote_code` is not supported anymore.
Please check that the Hugging Face dataset 'Salesforce/wikitext' isn't based on a loading script and remove `trust_remote_code`.
If the dataset is based on a loading script, please ask the dataset author to remove it and convert it to a standard format like Parquet.
baselines: additive 61.8 | softmax-attn 58.6 | frozen-attn 56.8 (prior sessions)
this run 2026-07-06 pass1: add 62.1 | gate(diag self) 60.4 | attn 57.4
cmpgate ep 1 ppl=65.3
cmpgate ep 2 ppl=62.2
cmpgate ep 3 ppl=60.6
cmpgate ep 4 ppl=60.7
cmpgate ep 5 ppl=60.6
cmpgate ep 6 ppl=60.2
cmpgate ep 7 ppl=60.4
cmpgate ep 8 ppl=60.5
cmpgate ep 9 ppl=61.0
cmpgate ep10 ppl=60.8
cmpgate ep11 ppl=60.5
cmpgate ep12 ppl=60.6
  -> cmpgate params=0.40M BEST=60.2
matmul ep 1 ppl=64.0
matmul ep 2 ppl=61.9
matmul ep 3 ppl=61.0
matmul ep 4 ppl=61.0
matmul ep 5 ppl=61.5
matmul ep 6 ppl=60.5
matmul ep 7 ppl=61.0
matmul ep 8 ppl=60.5
matmul ep 9 ppl=60.8
matmul ep10 ppl=61.6
matmul ep11 ppl=60.6
matmul ep12 ppl=60.8
  -> matmul params=0.39M BEST=60.5
=== SUMMARY ===
cmpgate BEST=60.2
matmul BEST=60.5
