`trust_remote_code` is not supported anymore.
Please check that the Hugging Face dataset 'Salesforce/wikitext' isn't based on a loading script and remove `trust_remote_code`.
If the dataset is based on a loading script, please ask the dataset author to remove it and convert it to a standard format like Parquet.
baselines: additive 61.8 | softmax-attn 58.6 | frozen-attn 56.8 (prior sessions)
this run 2026-07-06 pass1: add 62.1 | gate(diag self) 60.4 | attn 57.4
this run 2026-07-06 pass2: cmpgate 60.2 | matmul 60.5 (non-commutative alone doesn't close gap)
this run 2026-07-06 pass3: divnorm(n=1) 59.7, divnorm(n=2) 59.4 best, divnorm(n=4) 59.8
pass5: recurrent lateral inhibition (Grossberg shunting, settles over iters, not 1-shot div)
prior interrupted run: lateral n=1 beta=0.3 = 61.8 (worse than divnorm 59.4)
pass6 (dt=1, one-shot replace): lateral_n1_b0.7=62.7, lateral_n2_b0.3=61.2 best, lateral_n2_b0.7=62.7
-> still below divnorm 59.4. pass7: euler leaky integration (dt<1, partial step w/ decay)
   on best config (n=2, beta=0.3) to test if gradual settling beats one-shot replace
pass7 result: dt=0.3->59.8(best) dt=0.5->62.1 dt=0.7->61.6 dt=1.0->60.9 -- ALL below 59.4.
   normalization family (gate/cmpgate/matmul/divnorm/lateral) ceiling confirmed ~59.4.
pass8: phase mode -- binding-by-synchrony (Fries communication-through-coherence), NOT a
   normalization mechanism -- coherence gain w_j=cos(phi_j)^2 has no window-wide sum, unlike
   every mode above. beta = match->phase steepness, sweeping to find working regime.
pass8 result (already run, not re-run here): beta=0.5->58.5 beta=1.0->58.9 beta=2.0->58.4(best)
   beta=4.0->62.0(too steep)
-> phase BEATS divnorm 59.4 for the first time (normalization-family ceiling). gap to attn
   57.4 narrows from 2.0p to 1.0p. but phase gates each token INDEPENDENTLY off query match --
   no real population coupling yet. pass9: phase2 = Kuramoto mutual coupling among window
   tokens (similar-content tokens pull each other's phase together = real assembly formation),
   settled phase vs query sets final coherence gain. beta=2.0 fixed (pass8 winner), sweep iters.
phase2   n=1 beta=2.0 it=1 dt=1.0 ep 1 ppl=63.0
phase2   n=1 beta=2.0 it=1 dt=1.0 ep 2 ppl=59.8
phase2   n=1 beta=2.0 it=1 dt=1.0 ep 3 ppl=59.0
phase2   n=1 beta=2.0 it=1 dt=1.0 ep 4 ppl=58.5
phase2   n=1 beta=2.0 it=1 dt=1.0 ep 5 ppl=58.7
phase2   n=1 beta=2.0 it=1 dt=1.0 ep 6 ppl=59.3
phase2   n=1 beta=2.0 it=1 dt=1.0 ep 7 ppl=59.2
phase2   n=1 beta=2.0 it=1 dt=1.0 ep 8 ppl=61.0
phase2   n=1 beta=2.0 it=1 dt=1.0 ep 9 ppl=60.2
phase2   n=1 beta=2.0 it=1 dt=1.0 ep10 ppl=59.2
phase2   n=1 beta=2.0 it=1 dt=1.0 ep11 ppl=59.4
phase2   n=1 beta=2.0 it=1 dt=1.0 ep12 ppl=59.5
  -> phase2 n=1 beta=2.0 it=1 dt=1.0 params=0.40M BEST=58.5
phase2   n=1 beta=2.0 it=3 dt=1.0 ep 1 ppl=62.9
phase2   n=1 beta=2.0 it=3 dt=1.0 ep 2 ppl=60.1
phase2   n=1 beta=2.0 it=3 dt=1.0 ep 3 ppl=59.3
phase2   n=1 beta=2.0 it=3 dt=1.0 ep 4 ppl=58.9
phase2   n=1 beta=2.0 it=3 dt=1.0 ep 5 ppl=58.7
phase2   n=1 beta=2.0 it=3 dt=1.0 ep 6 ppl=58.9
phase2   n=1 beta=2.0 it=3 dt=1.0 ep 7 ppl=58.3
phase2   n=1 beta=2.0 it=3 dt=1.0 ep 8 ppl=58.8
phase2   n=1 beta=2.0 it=3 dt=1.0 ep 9 ppl=58.8
phase2   n=1 beta=2.0 it=3 dt=1.0 ep10 ppl=59.2
phase2   n=1 beta=2.0 it=3 dt=1.0 ep11 ppl=59.7
phase2   n=1 beta=2.0 it=3 dt=1.0 ep12 ppl=60.2
  -> phase2 n=1 beta=2.0 it=3 dt=1.0 params=0.40M BEST=58.3
phase2   n=1 beta=2.0 it=5 dt=1.0 ep 1 ppl=62.8
phase2   n=1 beta=2.0 it=5 dt=1.0 ep 2 ppl=60.2
phase2   n=1 beta=2.0 it=5 dt=1.0 ep 3 ppl=59.5
phase2   n=1 beta=2.0 it=5 dt=1.0 ep 4 ppl=59.0
phase2   n=1 beta=2.0 it=5 dt=1.0 ep 5 ppl=58.9
phase2   n=1 beta=2.0 it=5 dt=1.0 ep 6 ppl=58.7
phase2   n=1 beta=2.0 it=5 dt=1.0 ep 7 ppl=60.3
phase2   n=1 beta=2.0 it=5 dt=1.0 ep 8 ppl=59.5
phase2   n=1 beta=2.0 it=5 dt=1.0 ep 9 ppl=59.4
phase2   n=1 beta=2.0 it=5 dt=1.0 ep10 ppl=60.0
phase2   n=1 beta=2.0 it=5 dt=1.0 ep11 ppl=59.8
phase2   n=1 beta=2.0 it=5 dt=1.0 ep12 ppl=59.9
  -> phase2 n=1 beta=2.0 it=5 dt=1.0 params=0.40M BEST=58.7
phase2   n=1 beta=2.0 it=8 dt=1.0 ep 1 ppl=63.1
phase2   n=1 beta=2.0 it=8 dt=1.0 ep 2 ppl=59.9
phase2   n=1 beta=2.0 it=8 dt=1.0 ep 3 ppl=59.6
phase2   n=1 beta=2.0 it=8 dt=1.0 ep 4 ppl=59.5
phase2   n=1 beta=2.0 it=8 dt=1.0 ep 5 ppl=59.2
phase2   n=1 beta=2.0 it=8 dt=1.0 ep 6 ppl=59.5
phase2   n=1 beta=2.0 it=8 dt=1.0 ep 7 ppl=60.3
phase2   n=1 beta=2.0 it=8 dt=1.0 ep 8 ppl=60.1
phase2   n=1 beta=2.0 it=8 dt=1.0 ep 9 ppl=59.3
phase2   n=1 beta=2.0 it=8 dt=1.0 ep10 ppl=60.5
phase2   n=1 beta=2.0 it=8 dt=1.0 ep11 ppl=60.7
phase2   n=1 beta=2.0 it=8 dt=1.0 ep12 ppl=61.9
  -> phase2 n=1 beta=2.0 it=8 dt=1.0 params=0.40M BEST=59.2
=== SUMMARY (pass9) ===
phase2_b2.0_it1 BEST=58.5
phase2_b2.0_it3 BEST=58.3
phase2_b2.0_it5 BEST=58.7
phase2_b2.0_it8 BEST=59.2
pass9 result: it=1->58.8 it=3->59.0 it=5->58.8 it=8->58.9 -- flat, NO improvement over phase
   alone (58.4). order_probe.py (structural, no training) found attn/divnorm/lateral/phase/
   phase2 ALL order-blind (window memory-slot shuffle -> Delta logit = 0.000000 exactly) --
   only add/gate/cmpgate/matmul see order. pass10: phase_pos -- theta-gamma SERIAL-ORDER code
   (Lisman-Idiart), fixed per-slot phase offset pos_j=(pi/2)*j/(K-1) ADDED to content-match
   phase, so gate = f(what AND when) not just f(what). confirmed order-sensitive structurally
   (order_probe: Delta=0.58). now test if it actually helps ppl.
phase_pos n=1 beta=1.0 it=5 dt=1.0 ep 1 ppl=65.0
phase_pos n=1 beta=1.0 it=5 dt=1.0 ep 2 ppl=61.0
phase_pos n=1 beta=1.0 it=5 dt=1.0 ep 3 ppl=60.3
phase_pos n=1 beta=1.0 it=5 dt=1.0 ep 4 ppl=60.0
phase_pos n=1 beta=1.0 it=5 dt=1.0 ep 5 ppl=59.7
phase_pos n=1 beta=1.0 it=5 dt=1.0 ep 6 ppl=59.7
phase_pos n=1 beta=1.0 it=5 dt=1.0 ep 7 ppl=60.0
phase_pos n=1 beta=1.0 it=5 dt=1.0 ep 8 ppl=60.1
phase_pos n=1 beta=1.0 it=5 dt=1.0 ep 9 ppl=59.8
phase_pos n=1 beta=1.0 it=5 dt=1.0 ep10 ppl=60.0
phase_pos n=1 beta=1.0 it=5 dt=1.0 ep11 ppl=59.8
phase_pos n=1 beta=1.0 it=5 dt=1.0 ep12 ppl=60.3
  -> phase_pos n=1 beta=1.0 it=5 dt=1.0 params=0.40M BEST=59.7
phase_pos n=1 beta=2.0 it=5 dt=1.0 ep 1 ppl=65.8
phase_pos n=1 beta=2.0 it=5 dt=1.0 ep 2 ppl=61.2
phase_pos n=1 beta=2.0 it=5 dt=1.0 ep 3 ppl=60.3
phase_pos n=1 beta=2.0 it=5 dt=1.0 ep 4 ppl=60.3
phase_pos n=1 beta=2.0 it=5 dt=1.0 ep 5 ppl=60.4
phase_pos n=1 beta=2.0 it=5 dt=1.0 ep 6 ppl=60.7
phase_pos n=1 beta=2.0 it=5 dt=1.0 ep 7 ppl=60.8
phase_pos n=1 beta=2.0 it=5 dt=1.0 ep 8 ppl=60.5
phase_pos n=1 beta=2.0 it=5 dt=1.0 ep 9 ppl=61.2
phase_pos n=1 beta=2.0 it=5 dt=1.0 ep10 ppl=61.1
phase_pos n=1 beta=2.0 it=5 dt=1.0 ep11 ppl=62.2
phase_pos n=1 beta=2.0 it=5 dt=1.0 ep12 ppl=61.8
  -> phase_pos n=1 beta=2.0 it=5 dt=1.0 params=0.40M BEST=60.3
phase_pos n=1 beta=4.0 it=5 dt=1.0 ep 1 ppl=67.5
phase_pos n=1 beta=4.0 it=5 dt=1.0 ep 2 ppl=61.7
phase_pos n=1 beta=4.0 it=5 dt=1.0 ep 3 ppl=61.1
phase_pos n=1 beta=4.0 it=5 dt=1.0 ep 4 ppl=61.1
phase_pos n=1 beta=4.0 it=5 dt=1.0 ep 5 ppl=61.2
phase_pos n=1 beta=4.0 it=5 dt=1.0 ep 6 ppl=61.7
phase_pos n=1 beta=4.0 it=5 dt=1.0 ep 7 ppl=62.0
phase_pos n=1 beta=4.0 it=5 dt=1.0 ep 8 ppl=61.7
phase_pos n=1 beta=4.0 it=5 dt=1.0 ep 9 ppl=61.9
phase_pos n=1 beta=4.0 it=5 dt=1.0 ep10 ppl=62.6
phase_pos n=1 beta=4.0 it=5 dt=1.0 ep11 ppl=62.3
phase_pos n=1 beta=4.0 it=5 dt=1.0 ep12 ppl=62.7
  -> phase_pos n=1 beta=4.0 it=5 dt=1.0 params=0.40M BEST=61.1
=== SUMMARY (pass10) ===
phase_pos_b1.0 BEST=59.7
phase_pos_b2.0 BEST=60.3
phase_pos_b4.0 BEST=61.1
