`trust_remote_code` is not supported anymore.
Please check that the Hugging Face dataset 'Salesforce/wikitext' isn't based on a loading script and remove `trust_remote_code`.
If the dataset is based on a loading script, please ask the dataset author to remove it and convert it to a standard format like Parquet.
baselines: additive 61.8 | softmax-attn 58.6 | frozen-attn 56.8 (prior sessions)
this run 2026-07-06 pass1: add 62.1 | gate(diag self) 60.4 | attn 57.4
this run 2026-07-06 pass2: cmpgate 60.2 | matmul 60.5 (non-commutative alone doesn't close gap)
this run 2026-07-06 pass3: divnorm(n=1) 59.7, divnorm(n=2) 59.4 best, divnorm(n=4) 59.8
pass5: recurrent lateral inhibition (Grossberg shunting, settles over iters, not 1-shot div)
prior interrupted run: lateral n=1 beta=0.3 = 61.8 (worse than divnorm 59.4)
pass6 (dt=1, one-shot replace): lateral_n1_b0.7=62.7, lateral_n2_b0.3=61.2 best, lateral_n2_b0.7=62.7
-> still below divnorm 59.4. pass7: euler leaky integration (dt<1, partial step w/ decay)
   on best config (n=2, beta=0.3) to test if gradual settling beats one-shot replace
lateral  n=2 beta=0.3 it=5 dt=0.3 ep 1 ppl=67.0
lateral  n=2 beta=0.3 it=5 dt=0.3 ep 2 ppl=64.0
lateral  n=2 beta=0.3 it=5 dt=0.3 ep 3 ppl=62.2
lateral  n=2 beta=0.3 it=5 dt=0.3 ep 4 ppl=61.3
lateral  n=2 beta=0.3 it=5 dt=0.3 ep 5 ppl=61.1
lateral  n=2 beta=0.3 it=5 dt=0.3 ep 6 ppl=60.9
lateral  n=2 beta=0.3 it=5 dt=0.3 ep 7 ppl=60.1
lateral  n=2 beta=0.3 it=5 dt=0.3 ep 8 ppl=59.8
lateral  n=2 beta=0.3 it=5 dt=0.3 ep 9 ppl=59.9
lateral  n=2 beta=0.3 it=5 dt=0.3 ep10 ppl=59.9
lateral  n=2 beta=0.3 it=5 dt=0.3 ep11 ppl=60.3
lateral  n=2 beta=0.3 it=5 dt=0.3 ep12 ppl=60.8
  -> lateral n=2 beta=0.3 it=5 dt=0.3 params=0.40M BEST=59.8
lateral  n=2 beta=0.3 it=5 dt=0.5 ep 1 ppl=70.5
lateral  n=2 beta=0.3 it=5 dt=0.5 ep 2 ppl=66.5
lateral  n=2 beta=0.3 it=5 dt=0.5 ep 3 ppl=63.8
lateral  n=2 beta=0.3 it=5 dt=0.5 ep 4 ppl=62.9
lateral  n=2 beta=0.3 it=5 dt=0.5 ep 5 ppl=62.7
lateral  n=2 beta=0.3 it=5 dt=0.5 ep 6 ppl=62.5
lateral  n=2 beta=0.3 it=5 dt=0.5 ep 7 ppl=62.4
lateral  n=2 beta=0.3 it=5 dt=0.5 ep 8 ppl=62.6
lateral  n=2 beta=0.3 it=5 dt=0.5 ep 9 ppl=62.2
lateral  n=2 beta=0.3 it=5 dt=0.5 ep10 ppl=62.2
lateral  n=2 beta=0.3 it=5 dt=0.5 ep11 ppl=62.1
lateral  n=2 beta=0.3 it=5 dt=0.5 ep12 ppl=62.1
  -> lateral n=2 beta=0.3 it=5 dt=0.5 params=0.40M BEST=62.1
lateral  n=2 beta=0.3 it=5 dt=0.7 ep 1 ppl=69.6
lateral  n=2 beta=0.3 it=5 dt=0.7 ep 2 ppl=64.3
lateral  n=2 beta=0.3 it=5 dt=0.7 ep 3 ppl=62.5
lateral  n=2 beta=0.3 it=5 dt=0.7 ep 4 ppl=62.3
lateral  n=2 beta=0.3 it=5 dt=0.7 ep 5 ppl=61.7
lateral  n=2 beta=0.3 it=5 dt=0.7 ep 6 ppl=61.6
lateral  n=2 beta=0.3 it=5 dt=0.7 ep 7 ppl=62.8
lateral  n=2 beta=0.3 it=5 dt=0.7 ep 8 ppl=62.3
lateral  n=2 beta=0.3 it=5 dt=0.7 ep 9 ppl=62.1
lateral  n=2 beta=0.3 it=5 dt=0.7 ep10 ppl=62.0
lateral  n=2 beta=0.3 it=5 dt=0.7 ep11 ppl=62.2
lateral  n=2 beta=0.3 it=5 dt=0.7 ep12 ppl=62.1
  -> lateral n=2 beta=0.3 it=5 dt=0.7 params=0.40M BEST=61.6
lateral  n=2 beta=0.3 it=5 dt=1.0 ep 1 ppl=70.1
lateral  n=2 beta=0.3 it=5 dt=1.0 ep 2 ppl=64.3
lateral  n=2 beta=0.3 it=5 dt=1.0 ep 3 ppl=62.8
lateral  n=2 beta=0.3 it=5 dt=1.0 ep 4 ppl=61.8
lateral  n=2 beta=0.3 it=5 dt=1.0 ep 5 ppl=61.3
lateral  n=2 beta=0.3 it=5 dt=1.0 ep 6 ppl=60.9
lateral  n=2 beta=0.3 it=5 dt=1.0 ep 7 ppl=60.9
lateral  n=2 beta=0.3 it=5 dt=1.0 ep 8 ppl=61.2
lateral  n=2 beta=0.3 it=5 dt=1.0 ep 9 ppl=60.9
lateral  n=2 beta=0.3 it=5 dt=1.0 ep10 ppl=61.1
lateral  n=2 beta=0.3 it=5 dt=1.0 ep11 ppl=61.1
lateral  n=2 beta=0.3 it=5 dt=1.0 ep12 ppl=61.2
  -> lateral n=2 beta=0.3 it=5 dt=1.0 params=0.40M BEST=60.9
=== SUMMARY ===
lateral_n2_b0.3_dt0.3 BEST=59.8
lateral_n2_b0.3_dt0.5 BEST=62.1
lateral_n2_b0.3_dt0.7 BEST=61.6
lateral_n2_b0.3_dt1.0 BEST=60.9
